c:\users\dyvyd\documents\git_repo\cgeihc-proyectofinal\project2\project2\release\vc141.pdb
c:\users\dyvyd\documents\git_repo\cgeihc-proyectofinal\project2\project2\release\window.obj
c:\users\dyvyd\documents\git_repo\cgeihc-proyectofinal\project2\project2\release\texture.obj
c:\users\dyvyd\documents\git_repo\cgeihc-proyectofinal\project2\project2\release\spotlight.obj
c:\users\dyvyd\documents\git_repo\cgeihc-proyectofinal\project2\project2\release\skybox.obj
c:\users\dyvyd\documents\git_repo\cgeihc-proyectofinal\project2\project2\release\shader_light.obj
c:\users\dyvyd\documents\git_repo\cgeihc-proyectofinal\project2\project2\release\proyectofinal.obj
c:\users\dyvyd\documents\git_repo\cgeihc-proyectofinal\project2\project2\release\pointlight.obj
c:\users\dyvyd\documents\git_repo\cgeihc-proyectofinal\project2\project2\release\model.obj
c:\users\dyvyd\documents\git_repo\cgeihc-proyectofinal\project2\project2\release\mesh_tn.obj
c:\users\dyvyd\documents\git_repo\cgeihc-proyectofinal\project2\project2\release\material.obj
c:\users\dyvyd\documents\git_repo\cgeihc-proyectofinal\project2\project2\release\light.obj
c:\users\dyvyd\documents\git_repo\cgeihc-proyectofinal\project2\project2\release\directionallight.obj
c:\users\dyvyd\documents\git_repo\cgeihc-proyectofinal\project2\project2\release\camera.obj
c:\users\dyvyd\documents\git_repo\cgeihc-proyectofinal\project2\release\project2.exe
c:\users\dyvyd\documents\git_repo\cgeihc-proyectofinal\project2\release\project2.pdb
c:\users\dyvyd\documents\git_repo\cgeihc-proyectofinal\project2\release\project2.ipdb
c:\users\dyvyd\documents\git_repo\cgeihc-proyectofinal\project2\release\project2.iobj
c:\users\dyvyd\documents\git_repo\cgeihc-proyectofinal\project2\project2\release\project2.tlog\cl.command.1.tlog
c:\users\dyvyd\documents\git_repo\cgeihc-proyectofinal\project2\project2\release\project2.tlog\cl.read.1.tlog
c:\users\dyvyd\documents\git_repo\cgeihc-proyectofinal\project2\project2\release\project2.tlog\cl.write.1.tlog
c:\users\dyvyd\documents\git_repo\cgeihc-proyectofinal\project2\project2\release\project2.tlog\link.command.1.tlog
c:\users\dyvyd\documents\git_repo\cgeihc-proyectofinal\project2\project2\release\project2.tlog\link.read.1.tlog
c:\users\dyvyd\documents\git_repo\cgeihc-proyectofinal\project2\project2\release\project2.tlog\link.write.1.tlog
c:\users\dyvyd\documents\git_repo\cgeihc-proyectofinal\project2\project2\release\project2.tlog\project2.write.1u.tlog
