c:\users\cgi02\documents\diego\práctica 1\opengl3.3\opengl3.3\debug\vc141.pdb
c:\users\cgi02\documents\diego\práctica 1\opengl3.3\opengl3.3\debug\vc141.idb
c:\users\cgi02\documents\diego\práctica 1\opengl3.3\opengl3.3\debug\mainbase.obj
c:\users\cgi02\documents\diego\práctica 3\opengl3.3\opengl3.3\debug\vc141.pdb
c:\users\cgi02\documents\diego\práctica 3\opengl3.3\opengl3.3\debug\vc141.idb
c:\users\cgi02\documents\diego\práctica 3\opengl3.3\opengl3.3\debug\triangulo.obj
c:\users\cgi02\documents\diego\práctica 3\opengl3.3\opengl3.3\debug\window.obj
c:\users\cgi02\documents\diego\práctica 3\opengl3.3\opengl3.3\debug\shader.obj
c:\users\cgi02\documents\diego\práctica 3\opengl3.3\opengl3.3\debug\practica3.obj
c:\users\cgi02\documents\diego\práctica 3\opengl3.3\opengl3.3\debug\mesh.obj
c:\users\cgi02\documents\diego\práctica 1\opengl3.3\debug\opengl3.3.exe
c:\users\cgi02\documents\diego\práctica 1\opengl3.3\debug\opengl3.3.ilk
c:\users\cgi02\documents\diego\práctica 1\opengl3.3\debug\opengl3.3.pdb
c:\users\cgi02\documents\diego\práctica 3\opengl3.3\debug\opengl3.3.exe
c:\users\cgi02\documents\diego\práctica 3\opengl3.3\debug\opengl3.3.ilk
c:\users\cgi02\documents\diego\práctica 3\opengl3.3\debug\opengl3.3.pdb
c:\users\cgi02\documents\diego\práctica 3\opengl3.3\opengl3.3\debug\mainbase.obj
c:\users\cgi02\documents\diego\práctica 3\opengl3.3\opengl3.3\debug\opengl3.3.tlog\cl.command.1.tlog
c:\users\cgi02\documents\diego\práctica 3\opengl3.3\opengl3.3\debug\opengl3.3.tlog\cl.read.1.tlog
c:\users\cgi02\documents\diego\práctica 3\opengl3.3\opengl3.3\debug\opengl3.3.tlog\cl.write.1.tlog
c:\users\cgi02\documents\diego\práctica 3\opengl3.3\opengl3.3\debug\opengl3.3.tlog\link.command.1.tlog
c:\users\cgi02\documents\diego\práctica 3\opengl3.3\opengl3.3\debug\opengl3.3.tlog\link.read.1.tlog
c:\users\cgi02\documents\diego\práctica 3\opengl3.3\opengl3.3\debug\opengl3.3.tlog\link.write.1.tlog
