d:\visual studio proyectos\proyecto_compu_gr치fica\cgeihc-proyectofinal\project2\project2\debug\vc141.pdb
c:\users\l.j.mier\documents\finalgrafica\cgeihc-proyectofinal\project2\project2\debug\vc141.pdb
c:\users\l.j.mier\documents\finalgrafica\cgeihc-proyectofinal\project2\project2\debug\vc141.idb
c:\users\l.j.mier\documents\finalgrafica\cgeihc-proyectofinal\project2\project2\debug\window.obj
c:\users\l.j.mier\documents\finalgrafica\cgeihc-proyectofinal\project2\project2\debug\texture.obj
c:\users\l.j.mier\documents\finalgrafica\cgeihc-proyectofinal\project2\project2\debug\spotlight.obj
c:\users\l.j.mier\documents\finalgrafica\cgeihc-proyectofinal\project2\project2\debug\skybox.obj
c:\users\l.j.mier\documents\finalgrafica\cgeihc-proyectofinal\project2\project2\debug\shader_light.obj
c:\users\l.j.mier\documents\finalgrafica\cgeihc-proyectofinal\project2\project2\debug\proyectofinal.obj
c:\users\l.j.mier\documents\finalgrafica\cgeihc-proyectofinal\project2\project2\debug\pointlight.obj
c:\users\l.j.mier\documents\finalgrafica\cgeihc-proyectofinal\project2\project2\debug\model.obj
c:\users\l.j.mier\documents\finalgrafica\cgeihc-proyectofinal\project2\project2\debug\mesh_tn.obj
c:\users\l.j.mier\documents\finalgrafica\cgeihc-proyectofinal\project2\project2\debug\material.obj
c:\users\l.j.mier\documents\finalgrafica\cgeihc-proyectofinal\project2\project2\debug\light.obj
c:\users\l.j.mier\documents\finalgrafica\cgeihc-proyectofinal\project2\project2\debug\directionallight.obj
c:\users\l.j.mier\documents\finalgrafica\cgeihc-proyectofinal\project2\project2\debug\camera.obj
d:\visual studio proyectos\proyecto_compu_gr치fica\cgeihc-proyectofinal\project2\debug\project2.ilk
d:\visual studio proyectos\proyecto_compu_gr치fica\cgeihc-proyectofinal\project2\debug\project2.exe
d:\visual studio proyectos\proyecto_compu_gr치fica\cgeihc-proyectofinal\project2\debug\project2.pdb
c:\users\l.j.mier\documents\finalgrafica\cgeihc-proyectofinal\project2\debug\project2.exe
c:\users\l.j.mier\documents\finalgrafica\cgeihc-proyectofinal\project2\debug\project2.ilk
c:\users\l.j.mier\documents\finalgrafica\cgeihc-proyectofinal\project2\debug\project2.pdb
c:\users\l.j.mier\documents\finalgrafica\cgeihc-proyectofinal\project2\project2\debug\project2.tlog\cl.command.1.tlog
c:\users\l.j.mier\documents\finalgrafica\cgeihc-proyectofinal\project2\project2\debug\project2.tlog\cl.read.1.tlog
c:\users\l.j.mier\documents\finalgrafica\cgeihc-proyectofinal\project2\project2\debug\project2.tlog\cl.write.1.tlog
c:\users\l.j.mier\documents\finalgrafica\cgeihc-proyectofinal\project2\project2\debug\project2.tlog\link.command.1.tlog
c:\users\l.j.mier\documents\finalgrafica\cgeihc-proyectofinal\project2\project2\debug\project2.tlog\link.read.1.tlog
c:\users\l.j.mier\documents\finalgrafica\cgeihc-proyectofinal\project2\project2\debug\project2.tlog\link.write.1.tlog
