c:\users\l.j.mier\documents\finalgrafica\cgeihc-proyectofinal\project2\project2\x64\debug\vc141.pdb
c:\users\l.j.mier\documents\finalgrafica\cgeihc-proyectofinal\project2\project2\x64\debug\vc141.idb
c:\users\l.j.mier\documents\finalgrafica\cgeihc-proyectofinal\project2\project2\x64\debug\window.obj
c:\users\l.j.mier\documents\finalgrafica\cgeihc-proyectofinal\project2\project2\x64\debug\texture.obj
c:\users\l.j.mier\documents\finalgrafica\cgeihc-proyectofinal\project2\project2\x64\debug\spotlight.obj
c:\users\l.j.mier\documents\finalgrafica\cgeihc-proyectofinal\project2\project2\x64\debug\skybox.obj
c:\users\l.j.mier\documents\finalgrafica\cgeihc-proyectofinal\project2\project2\x64\debug\shader_light.obj
c:\users\l.j.mier\documents\finalgrafica\cgeihc-proyectofinal\project2\project2\x64\debug\proyectofinal.obj
c:\users\l.j.mier\documents\finalgrafica\cgeihc-proyectofinal\project2\project2\x64\debug\pointlight.obj
c:\users\l.j.mier\documents\finalgrafica\cgeihc-proyectofinal\project2\project2\x64\debug\model.obj
c:\users\l.j.mier\documents\finalgrafica\cgeihc-proyectofinal\project2\project2\x64\debug\mesh_tn.obj
c:\users\l.j.mier\documents\finalgrafica\cgeihc-proyectofinal\project2\project2\x64\debug\material.obj
c:\users\l.j.mier\documents\finalgrafica\cgeihc-proyectofinal\project2\project2\x64\debug\light.obj
c:\users\l.j.mier\documents\finalgrafica\cgeihc-proyectofinal\project2\project2\x64\debug\directionallight.obj
c:\users\l.j.mier\documents\finalgrafica\cgeihc-proyectofinal\project2\project2\x64\debug\camera.obj
c:\users\l.j.mier\documents\finalgrafica\cgeihc-proyectofinal\project2\x64\debug\project2.pdb
c:\users\l.j.mier\documents\finalgrafica\cgeihc-proyectofinal\project2\project2\x64\debug\project2.tlog\cl.command.1.tlog
c:\users\l.j.mier\documents\finalgrafica\cgeihc-proyectofinal\project2\project2\x64\debug\project2.tlog\cl.read.1.tlog
c:\users\l.j.mier\documents\finalgrafica\cgeihc-proyectofinal\project2\project2\x64\debug\project2.tlog\cl.write.1.tlog
c:\users\l.j.mier\documents\finalgrafica\cgeihc-proyectofinal\project2\project2\x64\debug\project2.tlog\link-cvtres.read.1.tlog
c:\users\l.j.mier\documents\finalgrafica\cgeihc-proyectofinal\project2\project2\x64\debug\project2.tlog\link-cvtres.write.1.tlog
c:\users\l.j.mier\documents\finalgrafica\cgeihc-proyectofinal\project2\project2\x64\debug\project2.tlog\link-rc.read.1.tlog
c:\users\l.j.mier\documents\finalgrafica\cgeihc-proyectofinal\project2\project2\x64\debug\project2.tlog\link-rc.write.1.tlog
c:\users\l.j.mier\documents\finalgrafica\cgeihc-proyectofinal\project2\project2\x64\debug\project2.tlog\link.command.1.tlog
c:\users\l.j.mier\documents\finalgrafica\cgeihc-proyectofinal\project2\project2\x64\debug\project2.tlog\link.read.1.tlog
c:\users\l.j.mier\documents\finalgrafica\cgeihc-proyectofinal\project2\project2\x64\debug\project2.tlog\link.write.1.tlog
