  Camera.cpp
  DirectionalLight.cpp
c:\users\l.j.mier\documents\finalgrafica\cgeihc-proyectofinal\project2\project2\directionallight.cpp(18): warning C4244: 'argumento': conversión de 'GLfloat' a 'GLint'; posible pérdida de datos
c:\users\l.j.mier\documents\finalgrafica\cgeihc-proyectofinal\project2\project2\directionallight.cpp(19): warning C4244: 'argumento': conversión de 'GLfloat' a 'GLint'; posible pérdida de datos
c:\users\l.j.mier\documents\finalgrafica\cgeihc-proyectofinal\project2\project2\directionallight.cpp(21): warning C4244: 'argumento': conversión de 'GLfloat' a 'GLint'; posible pérdida de datos
c:\users\l.j.mier\documents\finalgrafica\cgeihc-proyectofinal\project2\project2\directionallight.cpp(22): warning C4244: 'argumento': conversión de 'GLfloat' a 'GLint'; posible pérdida de datos
  Light.cpp
  Material.cpp
  Mesh_tn.cpp
  Model.cpp
c:\users\l.j.mier\documents\finalgrafica\cgeihc-proyectofinal\project2\project2\model.cpp(15): warning C4477: 'printf' : la cadena de formato '%s' requiere un argumento de tipo 'char *', pero el argumento variádico 1 tiene el tipo 'const std::string'
c:\users\l.j.mier\documents\finalgrafica\cgeihc-proyectofinal\project2\project2\model.cpp(15): warning C4474: "printf": se pasaron demasiados argumentos para la cadena de formato
  c:\users\l.j.mier\documents\finalgrafica\cgeihc-proyectofinal\project2\project2\model.cpp(15): note: los marcadores de posición y sus parámetros esperan 1 argumentos variádicos, pero se proporcionaron 2
c:\users\l.j.mier\documents\finalgrafica\cgeihc-proyectofinal\project2\project2\model.cpp(50): warning C4804: '<': uso no seguro del tipo 'bool' en la operación
c:\users\l.j.mier\documents\finalgrafica\cgeihc-proyectofinal\project2\project2\model.cpp(108): warning C4267: 'argumento': conversión de 'size_t' a 'unsigned int'; posible pérdida de datos
c:\users\l.j.mier\documents\finalgrafica\cgeihc-proyectofinal\project2\project2\model.cpp(125): warning C4267: 'inicializando': conversión de 'size_t' a 'int'; posible pérdida de datos
c:\users\l.j.mier\documents\finalgrafica\cgeihc-proyectofinal\project2\project2\model.cpp(132): warning C4477: 'printf' : la cadena de formato '%s' requiere un argumento de tipo 'char *', pero el argumento variádico 1 tiene el tipo 'std::string'
  PointLight.cpp
c:\users\l.j.mier\documents\finalgrafica\cgeihc-proyectofinal\project2\project2\pointlight.cpp(28): warning C4244: 'argumento': conversión de 'GLfloat' a 'GLint'; posible pérdida de datos
c:\users\l.j.mier\documents\finalgrafica\cgeihc-proyectofinal\project2\project2\pointlight.cpp(29): warning C4244: 'argumento': conversión de 'GLfloat' a 'GLint'; posible pérdida de datos
c:\users\l.j.mier\documents\finalgrafica\cgeihc-proyectofinal\project2\project2\pointlight.cpp(30): warning C4244: 'argumento': conversión de 'GLfloat' a 'GLint'; posible pérdida de datos
c:\users\l.j.mier\documents\finalgrafica\cgeihc-proyectofinal\project2\project2\pointlight.cpp(32): warning C4244: 'argumento': conversión de 'GLfloat' a 'GLint'; posible pérdida de datos
c:\users\l.j.mier\documents\finalgrafica\cgeihc-proyectofinal\project2\project2\pointlight.cpp(33): warning C4244: 'argumento': conversión de 'GLfloat' a 'GLint'; posible pérdida de datos
c:\users\l.j.mier\documents\finalgrafica\cgeihc-proyectofinal\project2\project2\pointlight.cpp(34): warning C4244: 'argumento': conversión de 'GLfloat' a 'GLint'; posible pérdida de datos
c:\users\l.j.mier\documents\finalgrafica\cgeihc-proyectofinal\project2\project2\pointlight.cpp(35): warning C4244: 'argumento': conversión de 'GLfloat' a 'GLint'; posible pérdida de datos
  proyectoFinal.cpp
c:\users\l.j.mier\documents\finalgrafica\cgeihc-proyectofinal\project2\project2\window.h(24): warning C4244: 'return': conversión de 'GLint' a 'GLfloat'; posible pérdida de datos
c:\users\l.j.mier\documents\finalgrafica\cgeihc-proyectofinal\project2\project2\window.h(25): warning C4244: 'return': conversión de 'GLint' a 'GLfloat'; posible pérdida de datos
c:\users\l.j.mier\documents\finalgrafica\cgeihc-proyectofinal\project2\project2\proyectofinal.cpp(424): warning C4305: 'inicializando': truncamiento de 'double' a 'float'
c:\users\l.j.mier\documents\finalgrafica\cgeihc-proyectofinal\project2\project2\proyectofinal.cpp(974): warning C4305: '=': truncamiento de 'double' a 'float'
c:\users\l.j.mier\documents\finalgrafica\cgeihc-proyectofinal\project2\project2\proyectofinal.cpp(979): warning C4305: '=': truncamiento de 'double' a 'float'
c:\users\l.j.mier\documents\finalgrafica\cgeihc-proyectofinal\project2\project2\proyectofinal.cpp(981): warning C4305: '=': truncamiento de 'double' a 'float'
c:\users\l.j.mier\documents\finalgrafica\cgeihc-proyectofinal\project2\project2\proyectofinal.cpp(1012): warning C4305: 'argumento': truncamiento de 'double' a 'irrklang::ik_f32'
c:\users\l.j.mier\documents\finalgrafica\cgeihc-proyectofinal\project2\project2\proyectofinal.cpp(1030): warning C4244: 'inicializando': conversión de 'double' a 'GLfloat'; posible pérdida de datos
c:\users\l.j.mier\documents\finalgrafica\cgeihc-proyectofinal\project2\project2\proyectofinal.cpp(1090): warning C4804: '>': uso no seguro del tipo 'bool' en la operación
c:\users\l.j.mier\documents\finalgrafica\cgeihc-proyectofinal\project2\project2\proyectofinal.cpp(1092): warning C4244: '-=': conversión de 'double' a 'float'; posible pérdida de datos
  Shader_light.cpp
c:\users\l.j.mier\documents\finalgrafica\cgeihc-proyectofinal\project2\project2\shader_light.cpp(100): warning C4477: 'snprintf' : la cadena de formato '%d' requiere un argumento de tipo 'int', pero el argumento variádico 1 tiene el tipo 'size_t'
  c:\users\l.j.mier\documents\finalgrafica\cgeihc-proyectofinal\project2\project2\shader_light.cpp(100): note: considere el uso de ' %zd' en la cadena de formato
c:\users\l.j.mier\documents\finalgrafica\cgeihc-proyectofinal\project2\project2\shader_light.cpp(103): warning C4477: 'snprintf' : la cadena de formato '%d' requiere un argumento de tipo 'int', pero el argumento variádico 1 tiene el tipo 'size_t'
  c:\users\l.j.mier\documents\finalgrafica\cgeihc-proyectofinal\project2\project2\shader_light.cpp(103): note: considere el uso de ' %zd' en la cadena de formato
c:\users\l.j.mier\documents\finalgrafica\cgeihc-proyectofinal\project2\project2\shader_light.cpp(106): warning C4477: 'snprintf' : la cadena de formato '%d' requiere un argumento de tipo 'int', pero el argumento variádico 1 tiene el tipo 'size_t'
  c:\users\l.j.mier\documents\finalgrafica\cgeihc-proyectofinal\project2\project2\shader_light.cpp(106): note: considere el uso de ' %zd' en la cadena de formato
c:\users\l.j.mier\documents\finalgrafica\cgeihc-proyectofinal\project2\project2\shader_light.cpp(109): warning C4477: 'snprintf' : la cadena de formato '%d' requiere un argumento de tipo 'int', pero el argumento variádico 1 tiene el tipo 'size_t'
  c:\users\l.j.mier\documents\finalgrafica\cgeihc-proyectofinal\project2\project2\shader_light.cpp(109): note: considere el uso de ' %zd' en la cadena de formato
c:\users\l.j.mier\documents\finalgrafica\cgeihc-proyectofinal\project2\project2\shader_light.cpp(112): warning C4477: 'snprintf' : la cadena de formato '%d' requiere un argumento de tipo 'int', pero el argumento variádico 1 tiene el tipo 'size_t'
  c:\users\l.j.mier\documents\finalgrafica\cgeihc-proyectofinal\project2\project2\shader_light.cpp(112): note: considere el uso de ' %zd' en la cadena de formato
c:\users\l.j.mier\documents\finalgrafica\cgeihc-proyectofinal\project2\project2\shader_light.cpp(115): warning C4477: 'snprintf' : la cadena de formato '%d' requiere un argumento de tipo 'int', pero el argumento variádico 1 tiene el tipo 'size_t'
  c:\users\l.j.mier\documents\finalgrafica\cgeihc-proyectofinal\project2\project2\shader_light.cpp(115): note: considere el uso de ' %zd' en la cadena de formato
c:\users\l.j.mier\documents\finalgrafica\cgeihc-proyectofinal\project2\project2\shader_light.cpp(118): warning C4477: 'snprintf' : la cadena de formato '%d' requiere un argumento de tipo 'int', pero el argumento variádico 1 tiene el tipo 'size_t'
  c:\users\l.j.mier\documents\finalgrafica\cgeihc-proyectofinal\project2\project2\shader_light.cpp(118): note: considere el uso de ' %zd' en la cadena de formato
c:\users\l.j.mier\documents\finalgrafica\cgeihc-proyectofinal\project2\project2\shader_light.cpp(128): warning C4477: 'snprintf' : la cadena de formato '%d' requiere un argumento de tipo 'int', pero el argumento variádico 1 tiene el tipo 'size_t'
  c:\users\l.j.mier\documents\finalgrafica\cgeihc-proyectofinal\project2\project2\shader_light.cpp(128): note: considere el uso de ' %zd' en la cadena de formato
c:\users\l.j.mier\documents\finalgrafica\cgeihc-proyectofinal\project2\project2\shader_light.cpp(131): warning C4477: 'snprintf' : la cadena de formato '%d' requiere un argumento de tipo 'int', pero el argumento variádico 1 tiene el tipo 'size_t'
  c:\users\l.j.mier\documents\finalgrafica\cgeihc-proyectofinal\project2\project2\shader_light.cpp(131): note: considere el uso de ' %zd' en la cadena de formato
c:\users\l.j.mier\documents\finalgrafica\cgeihc-proyectofinal\project2\project2\shader_light.cpp(134): warning C4477: 'snprintf' : la cadena de formato '%d' requiere un argumento de tipo 'int', pero el argumento variádico 1 tiene el tipo 'size_t'
  c:\users\l.j.mier\documents\finalgrafica\cgeihc-proyectofinal\project2\project2\shader_light.cpp(134): note: considere el uso de ' %zd' en la cadena de formato
c:\users\l.j.mier\documents\finalgrafica\cgeihc-proyectofinal\project2\project2\shader_light.cpp(137): warning C4477: 'snprintf' : la cadena de formato '%d' requiere un argumento de tipo 'int', pero el argumento variádico 1 tiene el tipo 'size_t'
  c:\users\l.j.mier\documents\finalgrafica\cgeihc-proyectofinal\project2\project2\shader_light.cpp(137): note: considere el uso de ' %zd' en la cadena de formato
c:\users\l.j.mier\documents\finalgrafica\cgeihc-proyectofinal\project2\project2\shader_light.cpp(140): warning C4477: 'snprintf' : la cadena de formato '%d' requiere un argumento de tipo 'int', pero el argumento variádico 1 tiene el tipo 'size_t'
  c:\users\l.j.mier\documents\finalgrafica\cgeihc-proyectofinal\project2\project2\shader_light.cpp(140): note: considere el uso de ' %zd' en la cadena de formato
c:\users\l.j.mier\documents\finalgrafica\cgeihc-proyectofinal\project2\project2\shader_light.cpp(143): warning C4477: 'snprintf' : la cadena de formato '%d' requiere un argumento de tipo 'int', pero el argumento variádico 1 tiene el tipo 'size_t'
  c:\users\l.j.mier\documents\finalgrafica\cgeihc-proyectofinal\project2\project2\shader_light.cpp(143): note: considere el uso de ' %zd' en la cadena de formato
c:\users\l.j.mier\documents\finalgrafica\cgeihc-proyectofinal\project2\project2\shader_light.cpp(146): warning C4477: 'snprintf' : la cadena de formato '%d' requiere un argumento de tipo 'int', pero el argumento variádico 1 tiene el tipo 'size_t'
  c:\users\l.j.mier\documents\finalgrafica\cgeihc-proyectofinal\project2\project2\shader_light.cpp(146): note: considere el uso de ' %zd' en la cadena de formato
c:\users\l.j.mier\documents\finalgrafica\cgeihc-proyectofinal\project2\project2\shader_light.cpp(149): warning C4477: 'snprintf' : la cadena de formato '%d' requiere un argumento de tipo 'int', pero el argumento variádico 1 tiene el tipo 'size_t'
  c:\users\l.j.mier\documents\finalgrafica\cgeihc-proyectofinal\project2\project2\shader_light.cpp(149): note: considere el uso de ' %zd' en la cadena de formato
c:\users\l.j.mier\documents\finalgrafica\cgeihc-proyectofinal\project2\project2\shader_light.cpp(152): warning C4477: 'snprintf' : la cadena de formato '%d' requiere un argumento de tipo 'int', pero el argumento variádico 1 tiene el tipo 'size_t'
  c:\users\l.j.mier\documents\finalgrafica\cgeihc-proyectofinal\project2\project2\shader_light.cpp(152): note: considere el uso de ' %zd' en la cadena de formato
c:\users\l.j.mier\documents\finalgrafica\cgeihc-proyectofinal\project2\project2\shader_light.cpp(202): warning C4244: 'argumento': conversión de 'GLuint' a 'GLfloat'; posible pérdida de datos
c:\users\l.j.mier\documents\finalgrafica\cgeihc-proyectofinal\project2\project2\shader_light.cpp(201): warning C4244: 'argumento': conversión de 'GLuint' a 'GLfloat'; posible pérdida de datos
c:\users\l.j.mier\documents\finalgrafica\cgeihc-proyectofinal\project2\project2\shader_light.cpp(215): warning C4244: 'argumento': conversión de 'GLuint' a 'GLfloat'; posible pérdida de datos
c:\users\l.j.mier\documents\finalgrafica\cgeihc-proyectofinal\project2\project2\shader_light.cpp(214): warning C4244: 'argumento': conversión de 'GLuint' a 'GLfloat'; posible pérdida de datos
c:\users\l.j.mier\documents\finalgrafica\cgeihc-proyectofinal\project2\project2\shader_light.cpp(213): warning C4244: 'argumento': conversión de 'GLuint' a 'GLfloat'; posible pérdida de datos
c:\users\l.j.mier\documents\finalgrafica\cgeihc-proyectofinal\project2\project2\shader_light.cpp(261): warning C4267: '=': conversión de 'size_t' a 'GLint'; posible pérdida de datos
  Skybox.cpp
c:\users\l.j.mier\documents\finalgrafica\cgeihc-proyectofinal\project2\project2\skybox.cpp(30): warning C4267: 'argumento': conversión de 'size_t' a 'GLenum'; posible pérdida de datos
  SpotLight.cpp
  Texture.cpp
  Window.cpp
c:\users\l.j.mier\documents\finalgrafica\cgeihc-proyectofinal\project2\project2\window.h(24): warning C4244: 'return': conversión de 'GLint' a 'GLfloat'; posible pérdida de datos
c:\users\l.j.mier\documents\finalgrafica\cgeihc-proyectofinal\project2\project2\window.h(25): warning C4244: 'return': conversión de 'GLint' a 'GLfloat'; posible pérdida de datos
c:\users\l.j.mier\documents\finalgrafica\cgeihc-proyectofinal\project2\project2\window.cpp(287): warning C4244: '=': conversión de 'double' a 'GLfloat'; posible pérdida de datos
c:\users\l.j.mier\documents\finalgrafica\cgeihc-proyectofinal\project2\project2\window.cpp(288): warning C4244: '=': conversión de 'double' a 'GLfloat'; posible pérdida de datos
c:\users\l.j.mier\documents\finalgrafica\cgeihc-proyectofinal\project2\project2\window.cpp(292): warning C4244: '=': conversión de 'double' a 'GLfloat'; posible pérdida de datos
c:\users\l.j.mier\documents\finalgrafica\cgeihc-proyectofinal\project2\project2\window.cpp(293): warning C4244: '=': conversión de 'double' a 'GLfloat'; posible pérdida de datos
c:\users\l.j.mier\documents\finalgrafica\cgeihc-proyectofinal\project2\project2\window.cpp(295): warning C4244: '=': conversión de 'double' a 'GLfloat'; posible pérdida de datos
c:\users\l.j.mier\documents\finalgrafica\cgeihc-proyectofinal\project2\project2\window.cpp(296): warning C4244: '=': conversión de 'double' a 'GLfloat'; posible pérdida de datos
  Generando código...
c:\users\l.j.mier\documents\finalgrafica\cgeihc-proyectofinal\project2\project2\window.cpp(95): warning C4715: 'Window::Initialise': no todas las rutas de acceso de control devuelven un valor
DirectionalLight.obj : error LNK2001: símbolo externo __imp___glewUniform1f sin resolver
Material.obj : error LNK2001: símbolo externo __imp___glewUniform1f sin resolver
PointLight.obj : error LNK2001: símbolo externo __imp___glewUniform1f sin resolver
SpotLight.obj : error LNK2001: símbolo externo __imp___glewUniform1f sin resolver
DirectionalLight.obj : error LNK2001: símbolo externo __imp___glewUniform3f sin resolver
PointLight.obj : error LNK2001: símbolo externo __imp___glewUniform3f sin resolver
proyectoFinal.obj : error LNK2001: símbolo externo __imp___glewUniform3f sin resolver
SpotLight.obj : error LNK2001: símbolo externo __imp___glewUniform3f sin resolver
Mesh_tn.obj : error LNK2001: símbolo externo __imp___glewBindBuffer sin resolver
Mesh_tn.obj : error LNK2001: símbolo externo __imp___glewBufferData sin resolver
Mesh_tn.obj : error LNK2001: símbolo externo __imp___glewDeleteBuffers sin resolver
Mesh_tn.obj : error LNK2001: símbolo externo __imp___glewGenBuffers sin resolver
Mesh_tn.obj : error LNK2001: símbolo externo __imp___glewEnableVertexAttribArray sin resolver
Mesh_tn.obj : error LNK2001: símbolo externo __imp___glewVertexAttribPointer sin resolver
Mesh_tn.obj : error LNK2001: símbolo externo __imp___glewBindVertexArray sin resolver
Mesh_tn.obj : error LNK2001: símbolo externo __imp___glewDeleteVertexArrays sin resolver
Mesh_tn.obj : error LNK2001: símbolo externo __imp___glewGenVertexArrays sin resolver
Model.obj : error LNK2019: símbolo externo "public: __cdecl Assimp::Importer::Importer(void)" (??0Importer@Assimp@@QEAA@XZ) sin resolver al que se hace referencia en la función "public: void __cdecl Model::LoadModel(class std::basic_string<char,struct std::char_traits<char>,class std::allocator<char> > const &)" (?LoadModel@Model@@QEAAXAEBV?$basic_string@DU?$char_traits@D@std@@V?$allocator@D@2@@std@@@Z)
Model.obj : error LNK2019: símbolo externo "public: __cdecl Assimp::Importer::~Importer(void)" (??1Importer@Assimp@@QEAA@XZ) sin resolver al que se hace referencia en la función "public: void __cdecl Model::LoadModel(class std::basic_string<char,struct std::char_traits<char>,class std::allocator<char> > const &)" (?LoadModel@Model@@QEAAXAEBV?$basic_string@DU?$char_traits@D@std@@V?$allocator@D@2@@std@@@Z)
Model.obj : error LNK2019: símbolo externo "public: struct aiScene const * __cdecl Assimp::Importer::ReadFile(char const *,unsigned int)" (?ReadFile@Importer@Assimp@@QEAAPEBUaiScene@@PEBDI@Z) sin resolver al que se hace referencia en la función "public: struct aiScene const * __cdecl Assimp::Importer::ReadFile(class std::basic_string<char,struct std::char_traits<char>,class std::allocator<char> > const &,unsigned int)" (?ReadFile@Importer@Assimp@@QEAAPEBUaiScene@@AEBV?$basic_string@DU?$char_traits@D@std@@V?$allocator@D@2@@std@@I@Z)
Model.obj : error LNK2019: símbolo externo "public: char const * __cdecl Assimp::Importer::GetErrorString(void)const " (?GetErrorString@Importer@Assimp@@QEBAPEBDXZ) sin resolver al que se hace referencia en la función "public: void __cdecl Model::LoadModel(class std::basic_string<char,struct std::char_traits<char>,class std::allocator<char> > const &)" (?LoadModel@Model@@QEAAXAEBV?$basic_string@DU?$char_traits@D@std@@V?$allocator@D@2@@std@@@Z)
Model.obj : error LNK2019: símbolo externo aiGetMaterialTextureCount sin resolver al que se hace referencia en la función "public: unsigned int __cdecl aiMaterial::GetTextureCount(enum aiTextureType)const " (?GetTextureCount@aiMaterial@@QEBAIW4aiTextureType@@@Z)
Model.obj : error LNK2019: símbolo externo aiGetMaterialTexture sin resolver al que se hace referencia en la función "public: enum aiReturn __cdecl aiMaterial::GetTexture(enum aiTextureType,unsigned int,struct aiString *,enum aiTextureMapping *,unsigned int *,float *,enum aiTextureOp *,enum aiTextureMapMode *)const " (?GetTexture@aiMaterial@@QEBA?AW4aiReturn@@W4aiTextureType@@IPEAUaiString@@PEAW4aiTextureMapping@@PEAIPEAMPEAW4aiTextureOp@@PEAW4aiTextureMapMode@@@Z)
proyectoFinal.obj : error LNK2019: símbolo externo glfwWindowShouldClose sin resolver al que se hace referencia en la función "public: bool __cdecl Window::getShouldClose(void)" (?getShouldClose@Window@@QEAA_NXZ)
proyectoFinal.obj : error LNK2019: símbolo externo glfwPollEvents sin resolver al que se hace referencia en la función main
proyectoFinal.obj : error LNK2019: símbolo externo glfwGetTime sin resolver al que se hace referencia en la función main
proyectoFinal.obj : error LNK2019: símbolo externo glfwSwapBuffers sin resolver al que se hace referencia en la función "public: void __cdecl Window::swapBuffers(void)" (?swapBuffers@Window@@QEAAXXZ)
proyectoFinal.obj : error LNK2019: símbolo externo "__declspec(dllimport) class irrklang::ISoundEngine * __cdecl irrklang::createIrrKlangDevice(enum irrklang::E_SOUND_OUTPUT_DRIVER,int,char const *,char const *)" (__imp_?createIrrKlangDevice@irrklang@@YAPEAVISoundEngine@1@W4E_SOUND_OUTPUT_DRIVER@1@HPEBD1@Z) sin resolver al que se hace referencia en la función main
proyectoFinal.obj : error LNK2001: símbolo externo __imp___glewUniformMatrix4fv sin resolver
Skybox.obj : error LNK2001: símbolo externo __imp___glewUniformMatrix4fv sin resolver
proyectoFinal.obj : error LNK2001: símbolo externo __imp___glewUseProgram sin resolver
Shader_light.obj : error LNK2001: símbolo externo __imp___glewUseProgram sin resolver
Shader_light.obj : error LNK2001: símbolo externo __imp___glewAttachShader sin resolver
Shader_light.obj : error LNK2001: símbolo externo __imp___glewCompileShader sin resolver
Shader_light.obj : error LNK2001: símbolo externo __imp___glewCreateProgram sin resolver
Shader_light.obj : error LNK2001: símbolo externo __imp___glewCreateShader sin resolver
Shader_light.obj : error LNK2001: símbolo externo __imp___glewDeleteProgram sin resolver
Shader_light.obj : error LNK2001: símbolo externo __imp___glewGetProgramInfoLog sin resolver
Shader_light.obj : error LNK2001: símbolo externo __imp___glewGetProgramiv sin resolver
Shader_light.obj : error LNK2001: símbolo externo __imp___glewGetShaderInfoLog sin resolver
Shader_light.obj : error LNK2001: símbolo externo __imp___glewGetShaderiv sin resolver
Shader_light.obj : error LNK2001: símbolo externo __imp___glewGetUniformLocation sin resolver
Shader_light.obj : error LNK2001: símbolo externo __imp___glewLinkProgram sin resolver
Shader_light.obj : error LNK2001: símbolo externo __imp___glewShaderSource sin resolver
Shader_light.obj : error LNK2001: símbolo externo __imp___glewUniform1i sin resolver
Shader_light.obj : error LNK2001: símbolo externo __imp___glewValidateProgram sin resolver
Skybox.obj : error LNK2001: símbolo externo __imp___glewActiveTexture sin resolver
Texture.obj : error LNK2001: símbolo externo __imp___glewActiveTexture sin resolver
Texture.obj : error LNK2001: símbolo externo __imp___glewGenerateMipmap sin resolver
Window.obj : error LNK2019: símbolo externo __imp_glewInit sin resolver al que se hace referencia en la función "public: int __cdecl Window::Initialise(void)" (?Initialise@Window@@QEAAHXZ)
Window.obj : error LNK2019: símbolo externo glfwInit sin resolver al que se hace referencia en la función "public: int __cdecl Window::Initialise(void)" (?Initialise@Window@@QEAAHXZ)
Window.obj : error LNK2019: símbolo externo glfwTerminate sin resolver al que se hace referencia en la función "public: __cdecl Window::~Window(void)" (??1Window@@QEAA@XZ)
Window.obj : error LNK2019: símbolo externo glfwCreateWindow sin resolver al que se hace referencia en la función "public: int __cdecl Window::Initialise(void)" (?Initialise@Window@@QEAAHXZ)
Window.obj : error LNK2019: símbolo externo glfwDestroyWindow sin resolver al que se hace referencia en la función "public: __cdecl Window::~Window(void)" (??1Window@@QEAA@XZ)
Window.obj : error LNK2019: símbolo externo glfwSetWindowShouldClose sin resolver al que se hace referencia en la función "private: static void __cdecl Window::ManejaTeclado(struct GLFWwindow *,int,int,int,int)" (?ManejaTeclado@Window@@CAXPEAUGLFWwindow@@HHHH@Z)
Window.obj : error LNK2019: símbolo externo glfwGetFramebufferSize sin resolver al que se hace referencia en la función "public: int __cdecl Window::Initialise(void)" (?Initialise@Window@@QEAAHXZ)
Window.obj : error LNK2019: símbolo externo glfwSetWindowUserPointer sin resolver al que se hace referencia en la función "public: int __cdecl Window::Initialise(void)" (?Initialise@Window@@QEAAHXZ)
Window.obj : error LNK2019: símbolo externo glfwGetWindowUserPointer sin resolver al que se hace referencia en la función "private: static void __cdecl Window::ManejaMouse(struct GLFWwindow *,double,double)" (?ManejaMouse@Window@@CAXPEAUGLFWwindow@@NN@Z)
Window.obj : error LNK2019: símbolo externo glfwSetInputMode sin resolver al que se hace referencia en la función "public: int __cdecl Window::Initialise(void)" (?Initialise@Window@@QEAAHXZ)
Window.obj : error LNK2019: símbolo externo glfwGetKeyName sin resolver al que se hace referencia en la función "private: static void __cdecl Window::ManejaTeclado(struct GLFWwindow *,int,int,int,int)" (?ManejaTeclado@Window@@CAXPEAUGLFWwindow@@HHHH@Z)
Window.obj : error LNK2019: símbolo externo glfwSetKeyCallback sin resolver al que se hace referencia en la función "private: void __cdecl Window::createCallbacks(void)" (?createCallbacks@Window@@AEAAXXZ)
Window.obj : error LNK2019: símbolo externo glfwSetCursorPosCallback sin resolver al que se hace referencia en la función "private: void __cdecl Window::createCallbacks(void)" (?createCallbacks@Window@@AEAAXXZ)
Window.obj : error LNK2019: símbolo externo glfwMakeContextCurrent sin resolver al que se hace referencia en la función "public: int __cdecl Window::Initialise(void)" (?Initialise@Window@@QEAAHXZ)
Window.obj : error LNK2001: símbolo externo __imp_glewExperimental sin resolver
lib\irrKlang.lib : warning LNK4272: el tipo de máquina de biblioteca 'x86' está en conflicto con el tipo de máquina de destino 'x64'
assimp-vc140-mt.lib : warning LNK4272: el tipo de máquina de biblioteca 'x86' está en conflicto con el tipo de máquina de destino 'x64'
lib\glew32.lib : warning LNK4272: el tipo de máquina de biblioteca 'x86' está en conflicto con el tipo de máquina de destino 'x64'
lib\glfw3.lib : warning LNK4272: el tipo de máquina de biblioteca 'x86' está en conflicto con el tipo de máquina de destino 'x64'
C:\Users\L.J.Mier\Documents\FinalGrafica\CGEIHC-ProyectoFinal\Project2\x64\Debug\Project2.exe : fatal error LNK1120: 55 externos sin resolver
